<?xml version="1.0" encoding="UTF-8"?>
<!-- Generated by org.testng.reporters.JUnitXMLReporter -->
<testsuite ignored="0" hostname="192.168.1.20" failures="1" tests="2" name="Surefire test" time="11.915" errors="0" timestamp="2025-08-19T20:31:15 IST">
  <testcase classname="com.tests.LogInTest" name="testInvalidCredential" time="0.588">
    <failure type="java.lang.AssertionError" message="expected [Dashboard / nopCommerce administration  ] but found [nopCommerce demo store. Login]">
      <![CDATA[java.lang.AssertionError: expected [Dashboard / nopCommerce administration  ] but found [nopCommerce demo store. Login]
at com.tests.LogInTest.testInvalidCredential(LogInTest.java:43)
at java.base/java.util.ArrayList.forEach(ArrayList.java:1597)
... Removed 36 stack frames]]>
    </failure>
  </testcase> <!-- testInvalidCredential -->
  <testcase classname="com.tests.LogInTest" name="testValidLogIn" time="3.213"/>
</testsuite> <!-- Surefire test -->
