<?xml version="1.0" encoding="UTF-8"?>
<testng-results ignored="0" total="1" passed="1" failed="0" skipped="0">
  <reporter-output>
  </reporter-output>
  <suite started-at="2025-08-15T20:48:27 IST" name="Surefire suite" finished-at="2025-08-15T20:48:41 IST" duration-ms="13895">
    <groups>
    </groups>
    <test started-at="2025-08-15T20:48:27 IST" name="Surefire test" finished-at="2025-08-15T20:48:41 IST" duration-ms="13895">
      <class name="com.tests.LogInTest">
        <test-method is-config="true" signature="setUp()[pri:0, instance:com.tests.LogInTest@7692d9cc]" started-at="2025-08-15T20:48:27 IST" name="setUp" finished-at="2025-08-15T20:48:34 IST" duration-ms="6553" status="PASS">
          <reporter-output>
          </reporter-output>
        </test-method> <!-- setUp -->
        <test-method signature="testValidLogIn()[pri:0, instance:com.tests.LogInTest@7692d9cc]" started-at="2025-08-15T20:48:34 IST" name="testValidLogIn" finished-at="2025-08-15T20:48:41 IST" duration-ms="7228" status="PASS">
          <reporter-output>
          </reporter-output>
        </test-method> <!-- testValidLogIn -->
        <test-method is-config="true" signature="tearDown()[pri:0, instance:com.tests.LogInTest@7692d9cc]" started-at="2025-08-15T20:48:41 IST" name="tearDown" finished-at="2025-08-15T20:48:41 IST" duration-ms="94" status="PASS">
          <reporter-output>
          </reporter-output>
        </test-method> <!-- tearDown -->
      </class> <!-- com.tests.LogInTest -->
    </test> <!-- Surefire test -->
  </suite> <!-- Surefire suite -->
</testng-results>
