<?xml version="1.0" encoding="UTF-8"?>
<testng-results ignored="0" total="1" passed="1" failed="0" skipped="0">
  <reporter-output>
  </reporter-output>
  <suite started-at="2025-08-15T20:56:30 IST" name="LogInSuite" finished-at="2025-08-15T20:56:43 IST" duration-ms="13396">
    <groups>
    </groups>
    <test started-at="2025-08-15T20:56:30 IST" name="LogInTests" finished-at="2025-08-15T20:56:43 IST" duration-ms="13396">
      <class name="com.tests.LogInTest">
        <test-method is-config="true" signature="setUp()[pri:0, instance:com.tests.LogInTest@21de60b4]" started-at="2025-08-15T20:56:30 IST" name="setUp" finished-at="2025-08-15T20:56:35 IST" duration-ms="4693" status="PASS">
          <reporter-output>
          </reporter-output>
        </test-method> <!-- setUp -->
        <test-method signature="testValidLogIn()[pri:0, instance:com.tests.LogInTest@21de60b4]" started-at="2025-08-15T20:56:35 IST" name="testValidLogIn" finished-at="2025-08-15T20:56:43 IST" duration-ms="8588" status="PASS">
          <reporter-output>
          </reporter-output>
        </test-method> <!-- testValidLogIn -->
        <test-method is-config="true" signature="tearDown()[pri:0, instance:com.tests.LogInTest@21de60b4]" started-at="2025-08-15T20:56:43 IST" name="tearDown" finished-at="2025-08-15T20:56:43 IST" duration-ms="99" status="PASS">
          <reporter-output>
          </reporter-output>
        </test-method> <!-- tearDown -->
      </class> <!-- com.tests.LogInTest -->
    </test> <!-- LogInTests -->
  </suite> <!-- LogInSuite -->
</testng-results>
